<?xml version="1.0" encoding="UTF-8"?>
<!-- Generated by org.testng.reporters.JUnitXMLReporter -->
<testsuite ignored="0" hostname="DESKTOP-UNVGE05" failures="0" tests="2" name="Default test" time="52.559" errors="0" timestamp="2023-07-14T13:40:52 AEST">
  <testcase classname="org.rahulshettyacademy.AppiumFramework.TC01_AddProducts" name="addToCart_checkamount" time="19.456"/>
  <testcase classname="org.rahulshettyacademy.AppiumFramework.TC01_AddProducts" name="addToCart_checkamount" time="20.231"/>
</testsuite> <!-- Default test -->
