<?xml version="1.0" encoding="UTF-8"?>
<!-- Generated by org.testng.reporters.JUnitXMLReporter -->
<testsuite ignored="0" hostname="DESKTOP-UNVGE05" failures="0" tests="2" name="End to End Test" time="56.986" errors="0" timestamp="2023-07-14T13:43:28 AEST">
  <testcase classname="org.rahulshettyacademy.AppiumFramework.TC01_AddProducts" name="addToCart_checkamount" time="22.237"/>
  <testcase classname="org.rahulshettyacademy.AppiumFramework.TC01_AddProducts" name="addToCart_checkamount" time="21.786"/>
</testsuite> <!-- End to End Test -->
