<?xml version="1.0" encoding="UTF-8"?>
<!-- Generated by org.testng.reporters.JUnitXMLReporter -->
<testsuite ignored="0" hostname="DESKTOP-UNVGE05" failures="0" tests="3" name="Test" time="52.474" errors="0" timestamp="2023-07-13T13:44:05 AEST">
  <testcase classname="org.rahulshettyacademy.AppiumFramework.TC01_AddProducts" name="toastmessage" time="5.596"/>
  <testcase classname="org.rahulshettyacademy.AppiumFramework.TC01_AddProducts" name="fill_form" time="6.383"/>
  <testcase classname="org.rahulshettyacademy.AppiumFramework.TC01_AddProducts" name="addToCart_checkamount" time="17.384"/>
</testsuite> <!-- Test -->
